[31-03-2021 12:59:59 UTC] Annity позна числото 3460. Опити: 7, време: 00:04:11
[31-03-2021 13:08:31 UTC] Annity позна комбинацията 2658. Опити: 8, време: 00:02:47
[31-03-2021 13:21:30 UTC] Annity позна комбинацията 1320. Опити: 6, време: 00:08:09
[31-03-2021 15:01:25 UTC] zzz позна комбинацията 9217. Опити: 12, време: 00:07:00
[31-03-2021 15:32:51 UTC] zzz позна комбинацията 5701. Опити: 8, време: 00:02:55
[31-03-2021 15:37:56 UTC] zzz позна комбинацията 8165. Опити: 6, време: 00:00:52
[31-03-2021 15:42:59 UTC] zzz позна комбинацията 5418. Опити: 9, време: 00:02:54
[31-03-2021 15:53:15 UTC] zzz позна комбинацията 0523. Опити: 8, време: 00:05:07
[01-04-2021 01:54:47 UTC] zzz позна комбинацията 7130. Опити: 9, време: 00:05:38
[01-04-2021 06:09:35 UTC] Yugalaxi позна комбинацията 6395. Опити: 12, време: 00:03:00
[01-04-2021 06:10:51 UTC] ШИБИЛЧЕ позна комбинацията 2453. Опити: 14, време: 00:04:32
[01-04-2021 06:16:28 UTC] ШИБИЛЧЕ позна комбинацията 9257. Опити: 18, време: 00:05:13
[01-04-2021 06:16:31 UTC] zelenkroki позна комбинацията 5697. Опити: 6, време: 00:01:37
[01-04-2021 06:17:28 UTC] Пънчи позна комбинацията 4752. Опити: 12, време: 00:09:43
[01-04-2021 06:17:43 UTC] Yugalaxi позна комбинацията 9432. Опити: 6, време: 00:02:19
[01-04-2021 06:20:22 UTC] Yugalaxi позна комбинацията 7043. Опити: 8, време: 00:01:58
[01-04-2021 06:22:43 UTC] Наско ментата позна комбинацията 9516. Опити: 28, време: 00:16:42
[01-04-2021 06:41:05 UTC] Пънчи позна комбинацията 1682. Опити: 12, време: 00:04:29
[01-04-2021 06:45:04 UTC] Пънчи позна комбинацията 7681. Опити: 14, време: 00:03:45
[01-04-2021 09:11:17 UTC] aso 123 позна комбинацията 2319. Опити: 10, време: 00:03:41
[01-04-2021 09:13:55 UTC] ceko5800 позна комбинацията 8016. Опити: 14, време: 00:06:19
[01-04-2021 09:15:47 UTC] _.ilievaa._ позна комбинацията 8456. Опити: 26, време: 00:06:27
[01-04-2021 09:16:00 UTC] ivkabgg позна комбинацията 8654. Опити: 21, време: 00:02:50
[01-04-2021 09:16:06 UTC] Princeska_21 позна комбинацията 1290. Опити: 38, време: 00:06:27
[01-04-2021 09:23:01 UTC] bmw233484984 позна комбинацията 6874. Опити: 29, време: 00:05:37
[01-04-2021 09:31:19 UTC] Guz позна комбинацията 5364. Опити: 9, време: 00:01:57
[01-04-2021 09:33:57 UTC] zelenkroki позна комбинацията 9274. Опити: 8, време: 00:23:02
[02-04-2021 06:28:57 UTC] zelenkroki позна комбинацията 0295. Опити: 12, време: 00:05:50
[02-04-2021 06:39:34 UTC] zelenkroki позна комбинацията 1360. Опити: 7, време: 00:02:49
[02-04-2021 06:49:03 UTC] zelenkroki позна комбинацията 4738. Опити: 10, време: 00:06:09
[02-04-2021 07:13:33 UTC] zelenkroki позна комбинацията 9654. Опити: 7, време: 00:05:02
[02-04-2021 07:23:29 UTC] zelenkroki позна комбинацията 1946. Опити: 6, време: 00:01:36
[02-04-2021 07:46:49 UTC] zelenkroki позна комбинацията 5109. Опити: 6, време: 00:00:57
[02-04-2021 08:37:37 UTC] zelenkroki позна комбинацията 8519. Опити: 12, време: 00:11:26
[02-04-2021 10:23:15 UTC] zelenkroki позна комбинацията 8641. Опити: 8, време: 00:02:13
[02-04-2021 15:31:49 UTC] zzz позна комбинацията 2107. Опити: 7, време: 00:02:06
[02-04-2021 17:32:02 UTC] zzz позна комбинацията 8954. Опити: 9, време: 00:03:00
[02-04-2021 20:35:44 UTC] zzz позна комбинацията 3042. Опити: 7, време: 00:03:43
[02-04-2021 20:43:52 UTC] zzz позна комбинацията 3154. Опити: 10, време: 00:06:19
[02-04-2021 20:45:51 UTC] zzz позна комбинацията 4059. Опити: 6, време: 00:01:46
[02-04-2021 20:51:11 UTC] zzz позна комбинацията 5928. Опити: 7, време: 00:02:57
[02-04-2021 20:56:20 UTC] zzz позна комбинацията 6391. Опити: 5, време: 00:00:58
[02-04-2021 21:01:10 UTC] zzz позна комбинацията 6071. Опити: 5, време: 00:01:10
[03-04-2021 03:24:58 UTC] zzz позна комбинацията 8739. Опити: 7, време: 00:05:02
[03-04-2021 03:28:03 UTC] zzz позна комбинацията 5093. Опити: 7, време: 00:01:29
[03-04-2021 03:49:06 UTC] zzz позна комбинацията 8231. Опити: 8, време: 00:05:29
[03-04-2021 05:57:27 UTC] zzz позна комбинацията 3602. Опити: 13, време: 00:09:01
[03-04-2021 06:10:58 UTC] zzzf позна комбинацията 7095. Опити: 8, време: 00:04:14
[03-04-2021 08:30:19 UTC] zelenkroki позна комбинацията 8719. Опити: 6, време: 00:02:17
[03-04-2021 13:57:41 UTC] zelenkroki позна комбинацията 9810. Опити: 7, време: 00:03:35
[03-04-2021 16:35:03 UTC] zelenkroki позна комбинацията 1697. Опити: 11, време: 00:09:59
[03-04-2021 17:44:32 UTC] zelenkroki позна комбинацията 8504. Опити: 12, време: 00:37:40
[03-04-2021 18:10:44 UTC] zelenkroki позна комбинацията 1836. Опити: 6, време: 00:02:04
[03-04-2021 22:29:10 UTC] zelenkroki позна комбинацията 9057. Опити: 6, време: 00:02:15
[03-04-2021 23:08:28 UTC] zelenkroki позна комбинацията 2865. Опити: 6, време: 00:03:20
[04-04-2021 00:11:22 UTC] zelenkroki позна комбинацията 2607. Опити: 10, време: 00:07:00
[04-04-2021 00:15:58 UTC] zelenkroki позна комбинацията 3960. Опити: 9, време: 00:04:22
[04-04-2021 00:18:30 UTC] zelenkroki позна комбинацията 1279. Опити: 5, време: 00:00:42
[04-04-2021 06:01:05 UTC] zzz позна комбинацията 9734. Опити: 6, време: 00:00:56
[04-04-2021 10:09:25 UTC] zzz позна комбинацията 6095. Опити: 5, време: 00:01:02
[04-04-2021 11:44:13 UTC] zzz позна комбинацията 8057. Опити: 14, време: 00:08:01
[04-04-2021 16:34:43 UTC] zelenkroki позна комбинацията 2937. Опити: 11, време: 00:04:59
[04-04-2021 18:29:07 UTC] zelenkroki позна комбинацията 3469. Опити: 7, време: 00:03:21
[04-04-2021 18:34:04 UTC] zelenkroki позна комбинацията 1738. Опити: 7, време: 00:03:56
[04-04-2021 18:45:23 UTC] zelenkroki позна комбинацията 2643. Опити: 5, време: 00:01:58
[05-04-2021 07:30:14 UTC] zzz позна комбинацията 6358. Опити: 6, време: 00:01:18
[05-04-2021 16:45:38 UTC] zelenkroki позна комбинацията 3942. Опити: 7, време: 00:02:25
[05-04-2021 16:57:21 UTC] zelenkroki позна комбинацията 9846. Опити: 15, време: 00:06:11
[06-04-2021 01:18:32 UTC] zelenkroki позна комбинацията 1485. Опити: 15, време: 00:21:54
[06-04-2021 06:15:32 UTC] zzz позна комбинацията 4687. Опити: 6, време: 00:01:32
[06-04-2021 06:19:44 UTC] zzz позна комбинацията 5069. Опити: 6, време: 00:01:17
[06-04-2021 06:23:53 UTC] zzz позна комбинацията 2918. Опити: 6, време: 00:01:41
[06-04-2021 06:31:29 UTC] zzz позна комбинацията 1094. Опити: 7, време: 00:02:13
[06-04-2021 06:55:38 UTC] zzz позна комбинацията 6754. Опити: 9, време: 00:05:52
[06-04-2021 16:35:43 UTC] zelenkroki позна комбинацията 0826. Опити: 6, време: 00:01:59
[06-04-2021 16:44:09 UTC] zelenkroki позна комбинацията 4129. Опити: 6, време: 00:01:57
[06-04-2021 18:08:48 UTC] zelenkroki позна комбинацията 6507. Опити: 4, време: 00:00:38
[06-04-2021 18:16:05 UTC] zelenkroki позна комбинацията 9281. Опити: 10, време: 00:05:15
[06-04-2021 19:59:08 UTC] zelenkroki позна комбинацията 3192. Опити: 6, време: 00:01:16
[06-04-2021 20:14:54 UTC] zelenkroki позна комбинацията 5924. Опити: 5, време: 00:01:54
[06-04-2021 20:34:11 UTC] zelenkroki позна комбинацията 3597. Опити: 17, време: 00:17:40
[07-04-2021 04:01:18 UTC] zzz позна комбинацията 0392. Опити: 4, време: 00:00:39
[07-04-2021 05:55:35 UTC] zzz позна комбинацията 4563. Опити: 6, време: 00:01:23
[07-04-2021 07:42:15 UTC] zzz позна комбинацията 8193. Опити: 12, време: 00:06:15
[07-04-2021 07:53:05 UTC] zzz позна комбинацията 5046. Опити: 6, време: 00:01:02
[07-04-2021 10:10:29 UTC] zelenkroki позна комбинацията 9250. Опити: 17, време: 00:09:55
[07-04-2021 15:43:59 UTC] zelenkroki позна комбинацията 4125. Опити: 7, време: 00:01:34
[08-04-2021 04:06:44 UTC] zelenkroki позна комбинацията 6583. Опити: 5, време: 00:00:40
[08-04-2021 04:09:52 UTC] zelenkroki позна комбинацията 3962. Опити: 8, време: 00:02:36
[08-04-2021 05:36:44 UTC] zelenkroki позна комбинацията 4519. Опити: 7, време: 00:03:38
[08-04-2021 05:42:53 UTC] zelenkroki позна комбинацията 9673. Опити: 11, време: 00:05:49
[08-04-2021 06:17:29 UTC] zelenkroki позна комбинацията 2578. Опити: 4, време: 00:00:38
[08-04-2021 06:44:22 UTC] zelenkroki позна комбинацията 3071. Опити: 6, време: 00:02:21
[08-04-2021 06:52:29 UTC] zelenkroki позна комбинацията 7654. Опити: 7, време: 00:01:46
[08-04-2021 06:55:24 UTC] zelenkroki позна комбинацията 7901. Опити: 7, време: 00:02:16
[08-04-2021 07:31:07 UTC] zelenkroki позна комбинацията 9201. Опити: 6, време: 00:01:42
[08-04-2021 07:43:41 UTC] zelenkroki позна комбинацията 1978. Опити: 8, време: 00:06:02
[08-04-2021 07:49:21 UTC] zelenkroki позна комбинацията 3208. Опити: 7, време: 00:03:26
[08-04-2021 08:10:10 UTC] Annity позна комбинацията 1598. Опити: 6, време: 00:00:58
[08-04-2021 08:15:36 UTC] zelenkroki позна комбинацията 2037. Опити: 7, време: 00:05:21
[08-04-2021 08:34:22 UTC] zelenkroki позна комбинацията 8657. Опити: 7, време: 00:06:23
[08-04-2021 08:38:06 UTC] zelenkroki позна комбинацията 8134. Опити: 7, време: 00:02:27
[08-04-2021 10:21:25 UTC] zelenkroki позна комбинацията 8741. Опити: 9, време: 00:03:44
[08-04-2021 13:49:38 UTC] zelenkroki позна комбинацията 4572. Опити: 7, време: 00:03:13
[08-04-2021 22:08:11 UTC] zelenkroki позна комбинацията 2596. Опити: 8, време: 00:03:55
[08-04-2021 22:15:43 UTC] zelenkroki позна комбинацията 0391. Опити: 10, време: 00:06:41
[08-04-2021 22:21:31 UTC] zelenkroki позна комбинацията 1592. Опити: 7, време: 00:05:10
[08-04-2021 22:43:43 UTC] zelenkroki позна комбинацията 3946. Опити: 9, време: 00:05:38
[09-04-2021 00:29:55 UTC] zelenkroki позна комбинацията 8061. Опити: 11, време: 00:07:00
[09-04-2021 00:31:54 UTC] zelenkroki позна комбинацията 0239. Опити: 5, време: 00:01:43
[09-04-2021 00:36:29 UTC] zelenkroki позна комбинацията 5679. Опити: 8, време: 00:04:11
[09-04-2021 07:06:33 UTC] zelenkroki позна комбинацията 1925. Опити: 5, време: 00:00:53
[09-04-2021 07:10:54 UTC] Annity позна комбинацията 2796. Опити: 6, време: 00:01:49
[09-04-2021 07:32:34 UTC] zelenkroki позна комбинацията 9325. Опити: 6, време: 00:02:18
[09-04-2021 09:04:58 UTC] Annity позна комбинацията 3705. Опити: 13, време: 00:05:54
[09-04-2021 09:29:16 UTC] Annity позна комбинацията 0831. Опити: 10, време: 00:03:31
[09-04-2021 09:30:40 UTC] Annity позна комбинацията 4582. Опити: 4, време: 00:01:03
[09-04-2021 10:44:03 UTC] zelenkroki позна комбинацията 2153. Опити: 10, време: 00:05:48
[09-04-2021 10:45:11 UTC] Annity позна комбинацията 6491. Опити: 6, време: 00:01:09
[09-04-2021 13:12:40 UTC] zelenkroki позна комбинацията 6912. Опити: 5, време: 00:00:39
[10-04-2021 06:06:58 UTC] zelenkroki позна комбинацията 0879. Опити: 4, време: 00:00:39
[10-04-2021 09:44:25 UTC] zelenkroki позна комбинацията 9486. Опити: 16, време: 00:19:01
[10-04-2021 10:10:26 UTC] zelenkroki позна комбинацията 3546. Опити: 9, време: 00:03:43
[11-04-2021 00:57:44 UTC] zelenkroki позна комбинацията 5194. Опити: 7, време: 00:03:32
[11-04-2021 07:05:13 UTC] zelenkroki позна комбинацията 9570. Опити: 5, време: 00:02:36
[11-04-2021 07:26:58 UTC] zelenkroki позна комбинацията 1298. Опити: 5, време: 00:00:59
[11-04-2021 08:36:31 UTC] zelenkroki позна комбинацията 2017. Опити: 6, време: 00:03:18
[11-04-2021 09:43:42 UTC] zelenkroki позна комбинацията 4180. Опити: 8, време: 00:04:28
[11-04-2021 13:47:31 UTC] zzz позна комбинацията 5349. Опити: 8, време: 00:02:41
[11-04-2021 14:02:47 UTC] zzz позна комбинацията 9152. Опити: 11, време: 00:04:35
[11-04-2021 14:07:10 UTC] zzz позна комбинацията 1567. Опити: 4, време: 00:00:58
[11-04-2021 17:21:06 UTC] zelenkroki позна комбинацията 6538. Опити: 3, време: 00:00:18
[11-04-2021 17:39:31 UTC] zelenkroki позна комбинацията 2463. Опити: 8, време: 00:05:40
[12-04-2021 02:54:20 UTC] zelenkroki позна комбинацията 7280. Опити: 7, време: 00:02:53
[12-04-2021 15:53:53 UTC] Annity позна комбинацията 3719. Опити: 8, време: 00:02:35
[12-04-2021 19:42:46 UTC] zelenkroki позна комбинацията 6354. Опити: 10, време: 00:03:48
[13-04-2021 16:13:59 UTC] zzz позна комбинацията 3197. Опити: 12, време: 00:07:02
[13-04-2021 16:53:57 UTC] zzz позна комбинацията 9380. Опити: 9, време: 00:06:03
[13-04-2021 17:31:21 UTC] zzz позна комбинацията 7689. Опити: 8, време: 00:03:47
[15-04-2021 18:55:49 UTC] zelenkroki позна комбинацията 0278. Опити: 4, време: 00:00:30
[15-04-2021 19:20:15 UTC] zelenkroki позна комбинацията 9864. Опити: 11, време: 00:05:48
[17-04-2021 07:31:31 UTC] zelenkroki позна комбинацията 9258. Опити: 5, време: 00:01:53
[17-04-2021 11:04:36 UTC] zelenkroki позна комбинацията 6721. Опити: 3, време: 00:00:19
[17-04-2021 11:54:51 UTC] zelenkroki позна комбинацията 0359. Опити: 10, време: 00:06:06
[18-04-2021 06:03:24 UTC] zzz позна комбинацията 0439. Опити: 9, време: 00:05:23
[18-04-2021 10:13:45 UTC] zzz позна комбинацията 1096. Опити: 7, време: 00:02:41
[18-04-2021 10:34:35 UTC] zzz позна комбинацията 9475. Опити: 9, време: 00:07:28
[18-04-2021 23:57:03 UTC] zzz позна комбинацията 6084. Опити: 5, време: 00:02:29
[22-04-2021 15:05:36 UTC] zelenkroki позна комбинацията 6738. Опити: 6, време: 00:02:24
[22-04-2021 15:24:47 UTC] zelenkroki позна комбинацията 6731. Опити: 4, време: 00:00:41
[24-04-2021 03:07:13 UTC] zelenkroki позна комбинацията 9563. Опити: 7, време: 00:02:13
[24-04-2021 05:04:39 UTC] zelenkroki позна комбинацията 9653. Опити: 7, време: 00:01:22
[24-04-2021 20:26:16 UTC] zelenkroki позна комбинацията 6923. Опити: 6, време: 00:01:32
[25-04-2021 07:48:21 UTC] zelenkroki позна комбинацията 7529. Опити: 9, време: 00:04:03
[25-04-2021 08:23:36 UTC] zelenkroki позна комбинацията 9813. Опити: 10, време: 00:05:04
[25-04-2021 09:29:37 UTC] zelenkroki позна комбинацията 2069. Опити: 6, време: 00:01:57
[25-04-2021 09:43:29 UTC] zelenkroki позна комбинацията 2097. Опити: 7, време: 00:05:22
[25-04-2021 23:38:10 UTC] zelenkroki позна комбинацията 0946. Опити: 5, време: 00:00:38
[25-04-2021 23:50:02 UTC] zzz позна комбинацията 4653. Опити: 10, време: 00:05:44
[26-04-2021 18:06:56 UTC] zzz позна комбинацията 9405. Опити: 7, време: 00:04:18
[27-04-2021 15:13:30 UTC] zzz позна комбинацията 4283. Опити: 5, време: 00:01:53
[27-04-2021 15:28:13 UTC] zzz позна комбинацията 9431. Опити: 6, време: 00:02:09
[27-04-2021 15:44:53 UTC] zzz позна комбинацията 0428. Опити: 9, време: 00:08:41
[27-04-2021 18:22:06 UTC] zzz позна комбинацията 3706. Опити: 7, време: 00:06:59
[28-04-2021 16:09:30 UTC] zzz позна комбинацията 9048. Опити: 6, време: 00:01:58
[30-04-2021 05:11:00 UTC] zelenkroki позна комбинацията 8267. Опити: 11, време: 00:06:49
[30-04-2021 06:32:36 UTC] zelenkroki позна комбинацията 2413. Опити: 3, време: 00:00:29
[30-04-2021 20:20:54 UTC] zzz позна комбинацията 7209. Опити: 5, време: 00:01:35
[30-04-2021 20:28:58 UTC] zzz позна комбинацията 0241. Опити: 9, време: 00:06:25
[01-05-2021 10:56:02 UTC] zzz позна комбинацията 4260. Опити: 11, време: 00:09:30
[02-05-2021 02:34:22 UTC] zzz позна комбинацията 8740. Опити: 6, време: 00:02:00
[03-05-2021 13:01:49 UTC] zzz позна комбинацията 3247. Опити: 4, време: 00:01:14
[03-05-2021 13:40:01 UTC] zzz позна комбинацията 0537. Опити: 4, време: 00:00:56
[03-05-2021 13:54:09 UTC] zzz позна комбинацията 5216. Опити: 7, време: 00:02:29
[03-05-2021 17:36:24 UTC] zzz позна комбинацията 6024. Опити: 8, време: 00:03:46
[04-05-2021 04:24:06 UTC] zzz позна комбинацията 3095. Опити: 9, време: 00:06:11
[04-05-2021 09:11:56 UTC] zzz позна комбинацията 0812. Опити: 5, време: 00:00:34
[04-05-2021 09:40:32 UTC] zzz позна комбинацията 8236. Опити: 8, време: 00:04:00
[04-05-2021 09:59:04 UTC] Цецо позна комбинацията 4328. Опити: 9, време: 00:02:38
[04-05-2021 11:23:46 UTC] Rado позна комбинацията 3859. Опити: 10, време: 00:05:11
[04-05-2021 12:41:09 UTC] zzz позна комбинацията 8675. Опити: 6, време: 00:01:33
[04-05-2021 17:46:57 UTC] zzz позна комбинацията 7965. Опити: 7, време: 00:09:32
[06-05-2021 05:27:24 UTC] zzz позна комбинацията 8590. Опити: 10, време: 00:06:09
[06-05-2021 06:13:04 UTC] zzz позна комбинацията 4597. Опити: 9, време: 00:03:46
[06-05-2021 06:51:14 UTC] zzz позна комбинацията 9836. Опити: 12, време: 00:06:17
[06-05-2021 07:09:55 UTC] zzz позна комбинацията 6921. Опити: 9, време: 00:03:56
[06-05-2021 07:51:57 UTC] Annity позна комбинацията 7495. Опити: 6, време: 00:01:51
[09-05-2021 03:46:17 UTC] zzz позна комбинацията 5489. Опити: 8, време: 00:03:41
[09-05-2021 05:36:32 UTC] zzz позна комбинацията 9706. Опити: 6, време: 00:01:33
[09-05-2021 05:48:18 UTC] zzz позна комбинацията 9724. Опити: 7, време: 00:03:17
[09-05-2021 06:04:08 UTC] zzz позна комбинацията 4516. Опити: 6, време: 00:01:29
[09-05-2021 08:04:30 UTC] Annity позна комбинацията 4813. Опити: 5, време: 00:01:21
[09-05-2021 10:35:48 UTC] zzz позна комбинацията 9530. Опити: 9, време: 00:07:55
[09-05-2021 18:22:18 UTC] zzz позна комбинацията 3108. Опити: 9, време: 00:08:21
[10-05-2021 13:34:50 UTC] zzsu позна комбинацията 3670. Опити: 14, време: 00:10:17
[11-05-2021 10:40:24 UTC] ГВИ позна комбинацията 3176. Опити: 9, време: 00:02:41
[11-05-2021 10:42:40 UTC] ГВИ позна комбинацията 6985. Опити: 7, време: 00:01:39
[11-05-2021 10:49:13 UTC] ГВИ позна комбинацията 3746. Опити: 7, време: 00:01:55
[11-05-2021 10:52:04 UTC] ГВИ позна комбинацията 9740. Опити: 8, време: 00:02:09
[11-05-2021 13:11:21 UTC] zzsu позна комбинацията 0597. Опити: 12, време: 00:04:11
[12-05-2021 05:11:51 UTC] 2019 позна комбинацията 4163. Опити: 28, време: 00:08:14
[12-05-2021 05:14:35 UTC] ceco позна комбинацията 4173. Опити: 14, време: 00:02:17
[12-05-2021 05:18:47 UTC] Радомир позна комбинацията 0732. Опити: 24, време: 00:04:24
[12-05-2021 05:20:35 UTC] magdalena позна комбинацията 4382. Опити: 22, време: 00:09:56
[12-05-2021 05:24:32 UTC] 2019 позна комбинацията 0198. Опити: 29, време: 00:06:09
[12-05-2021 05:24:46 UTC] Сияна позна комбинацията 9635. Опити: 50, време: 00:15:03
[12-05-2021 05:27:10 UTC] ceco позна комбинацията 4078. Опити: 15, време: 00:01:47
[12-05-2021 05:27:54 UTC] Nedelin позна комбинацията 1273. Опити: 81, време: 00:10:53
[12-05-2021 05:28:29 UTC] ogi seksa позна комбинацията 2135. Опити: 14, време: 00:06:55
[12-05-2021 05:29:01 UTC] ceco позна комбинацията 5948. Опити: 10, време: 00:01:20
[12-05-2021 05:38:46 UTC] magdalena позна комбинацията 2350. Опити: 23, време: 00:07:17
[12-05-2021 10:21:23 UTC] Дарислав позна комбинацията 5928. Опити: 24, време: 00:03:29
[12-05-2021 11:27:57 UTC] Дарко позна комбинацията 5278. Опити: 26, време: 00:04:52
[12-05-2021 11:34:47 UTC] Дарко позна комбинацията 0294. Опити: 17, време: 00:03:41
[12-05-2021 11:36:38 UTC] Маргарита Чернокожева позна комбинацията 6108. Опити: 13, време: 00:03:37
[12-05-2021 11:38:10 UTC] Дарко позна комбинацията 1385. Опити: 12, време: 00:03:02
[12-05-2021 11:41:57 UTC] Дарко позна комбинацията 2109. Опити: 20, време: 00:03:14
[12-05-2021 11:50:19 UTC] Дарко позна комбинацията 0692. Опити: 17, време: 00:03:23
[12-05-2021 11:58:33 UTC] Дарко позна комбинацията 6892. Опити: 25, време: 00:04:17
[12-05-2021 12:05:45 UTC] Дарко позна комбинацията 4632. Опити: 11, време: 00:01:30
[12-05-2021 12:07:00 UTC] Дарко позна комбинацията 1076. Опити: 8, време: 00:00:36
[12-05-2021 12:08:22 UTC] Дарко позна комбинацията 2618. Опити: 6, време: 00:00:34
[12-05-2021 17:46:56 UTC] Дарко позна комбинацията 0976. Опити: 16, време: 00:03:23
[12-05-2021 17:51:37 UTC] Дарко позна комбинацията 9451. Опити: 10, време: 00:01:18
[12-05-2021 18:22:38 UTC] Дарко позна комбинацията 0761. Опити: 14, време: 00:04:19
[14-05-2021 05:36:20 UTC] zzsu позна комбинацията 9104. Опити: 6, време: 00:01:55
[14-05-2021 06:00:13 UTC] zzsu позна комбинацията 7014. Опити: 6, време: 00:01:55
[14-05-2021 17:26:07 UTC] zzz позна комбинацията 8293. Опити: 5, време: 00:00:54
[15-05-2021 03:31:58 UTC] zzz позна комбинацията 6437. Опити: 7, време: 00:04:55
[15-05-2021 03:49:54 UTC] zzz позна комбинацията 1546. Опити: 3, време: 00:00:15
[15-05-2021 04:40:33 UTC] zzz позна комбинацията 8346. Опити: 9, време: 00:07:53
[15-05-2021 18:59:46 UTC] Дарко позна комбинацията 4083. Опити: 7, време: 00:00:50
[15-05-2021 19:04:07 UTC] Дарко позна комбинацията 9084. Опити: 15, време: 00:01:28
[15-05-2021 19:05:16 UTC] Дарко позна комбинацията 3407. Опити: 8, време: 00:01:06
[15-05-2021 19:09:23 UTC] Дарко позна комбинацията 4690. Опити: 5, време: 00:00:30
[15-05-2021 19:13:11 UTC] Дарко позна комбинацията 1706. Опити: 9, време: 00:01:17
[15-05-2021 19:17:43 UTC] Дарко позна комбинацията 9578. Опити: 15, време: 00:01:27
[15-05-2021 19:26:30 UTC] Дарко позна комбинацията 0731. Опити: 12, време: 00:01:03
[15-05-2021 19:28:05 UTC] Дарко позна комбинацията 4856. Опити: 13, време: 00:00:58
[16-05-2021 03:41:34 UTC] zzz позна комбинацията 9654. Опити: 6, време: 00:01:39
[16-05-2021 06:18:12 UTC] zzz позна комбинацията 3478. Опити: 3, време: 00:00:18
[16-05-2021 06:59:42 UTC] shahche позна комбинацията 4298. Опити: 6, време: 00:15:09
[17-05-2021 17:12:28 UTC] zzz позна комбинацията 5189. Опити: 9, време: 00:05:02
[17-05-2021 17:17:04 UTC] zzz позна комбинацията 5487. Опити: 7, време: 00:04:00
[17-05-2021 18:54:38 UTC] zzz позна комбинацията 2341. Опити: 5, време: 00:01:01
[18-05-2021 23:10:44 UTC] zzz позна комбинацията 2156. Опити: 5, време: 00:00:39
[19-05-2021 16:49:53 UTC] zzz позна комбинацията 6297. Опити: 7, време: 00:02:37
[19-05-2021 16:50:55 UTC] zzz позна комбинацията 3156. Опити: 4, време: 00:00:30
[20-05-2021 15:06:46 UTC] zzz позна комбинацията 1238. Опити: 4, време: 00:00:27
[20-05-2021 15:15:53 UTC] zzz позна комбинацията 3028. Опити: 7, време: 00:02:21
[20-05-2021 15:57:11 UTC] zzz позна комбинацията 4710. Опити: 9, време: 00:09:47
[21-05-2021 23:25:33 UTC] zzz позна комбинацията 5294. Опити: 7, време: 00:03:19
[21-05-2021 23:27:25 UTC] zzz позна комбинацията 4378. Опити: 5, време: 00:01:00
[25-05-2021 04:20:11 UTC] zzz позна комбинацията 7610. Опити: 7, време: 00:01:42
[25-05-2021 04:26:46 UTC] zzz позна комбинацията 1892. Опити: 6, време: 00:01:10
[25-05-2021 05:20:34 UTC] zzz позна комбинацията 2597. Опити: 9, време: 00:08:15
[25-05-2021 08:47:05 UTC] Дарко позна комбинацията 5726. Опити: 10, време: 00:01:04
[25-05-2021 08:49:21 UTC] Дарко позна комбинацията 2196. Опити: 13, време: 00:01:49
[25-05-2021 08:51:40 UTC] Дарко позна комбинацията 2845. Опити: 11, време: 00:01:32
[25-05-2021 08:54:26 UTC] Дарко позна комбинацията 3614. Опити: 13, време: 00:01:16
[25-05-2021 08:59:04 UTC] Дарко позна комбинацията 5130. Опити: 8, време: 00:00:45
[25-05-2021 08:59:39 UTC] Дарко позна комбинацията 5194. Опити: 5, време: 00:00:22
[25-05-2021 09:01:11 UTC] Дарко позна комбинацията 0724. Опити: 5, време: 00:00:29
[25-05-2021 09:02:29 UTC] Дарко позна комбинацията 8137. Опити: 5, време: 00:00:33
[25-05-2021 09:11:11 UTC] Дарко позна комбинацията 7291. Опити: 16, време: 00:01:41
[25-05-2021 09:13:17 UTC] Дарко позна комбинацията 0185. Опити: 1, време: 00:00:19
[25-05-2021 09:17:07 UTC] Дарко позна комбинацията 5421. Опити: 8, време: 00:00:55
[25-05-2021 10:11:58 UTC] Дарко позна комбинацията 1348. Опити: 13, време: 00:00:47
[25-05-2021 12:58:57 UTC] zzz позна комбинацията 3059. Опити: 10, време: 00:05:57
[25-05-2021 17:34:05 UTC] Дарко позна комбинацията 2610. Опити: 5, време: 00:00:34
[25-05-2021 17:34:58 UTC] Дарко позна комбинацията 4082. Опити: 8, време: 00:00:32
[25-05-2021 23:01:32 UTC] zzz позна комбинацията 6932. Опити: 5, време: 00:01:21
[27-05-2021 02:57:52 UTC] zzz позна комбинацията 7619. Опити: 8, време: 00:05:12
[27-05-2021 17:32:02 UTC] zzz позна комбинацията 0352. Опити: 4, време: 00:00:30
[27-05-2021 17:47:18 UTC] zzz позна комбинацията 2097. Опити: 8, време: 00:05:30
[27-05-2021 17:56:33 UTC] zzz позна комбинацията 9470. Опити: 4, време: 00:00:54
[28-05-2021 01:33:51 UTC] zzz позна комбинацията 8254. Опити: 11, време: 00:07:05
[28-05-2021 01:40:21 UTC] zzz позна комбинацията 8417. Опити: 8, време: 00:05:54
[29-05-2021 02:39:54 UTC] zzz позна комбинацията 3684. Опити: 7, време: 00:04:53
[29-05-2021 03:30:48 UTC] zzz позна комбинацията 7150. Опити: 9, време: 00:14:42
[29-05-2021 06:51:59 UTC] zzz позна комбинацията 7801. Опити: 7, време: 00:02:51
[29-05-2021 08:58:49 UTC] zzz позна комбинацията 6245. Опити: 6, време: 00:03:51
[29-05-2021 13:51:19 UTC] Darko позна комбинацията 2067. Опити: 7, време: 00:00:36
[29-05-2021 14:25:30 UTC] zzz позна комбинацията 2870. Опити: 6, време: 00:03:46
[30-05-2021 08:21:05 UTC] zzz позна комбинацията 1853. Опити: 7, време: 00:01:46
[30-05-2021 12:01:52 UTC] zznubiya позна комбинацията 9386. Опити: 8, време: 00:03:20
[30-05-2021 19:30:19 UTC] Дарко позна комбинацията 8321. Опити: 7, време: 00:00:27
[30-05-2021 19:34:08 UTC] Дарко позна комбинацията 9425. Опити: 11, време: 00:00:42
[01-06-2021 19:57:17 UTC] Tisho позна комбинацията 4057. Опити: 13, време: 00:06:50
[04-06-2021 16:15:00 UTC] zzz позна комбинацията 8569. Опити: 5, време: 00:01:09
[05-06-2021 11:51:11 UTC] zzz позна комбинацията 8163. Опити: 10, време: 00:04:26
[05-06-2021 12:34:00 UTC] zzz позна комбинацията 8723. Опити: 6, време: 00:01:50
[06-06-2021 10:50:10 UTC] zzz позна комбинацията 0462. Опити: 6, време: 00:01:15
[06-06-2021 11:06:33 UTC] zzz позна комбинацията 8025. Опити: 11, време: 00:14:21
[06-06-2021 15:21:34 UTC] zzz позна комбинацията 9510. Опити: 7, време: 00:03:48
[07-06-2021 14:18:54 UTC] zznubiya позна комбинацията 2908. Опити: 7, време: 00:06:26
[12-06-2021 14:04:04 UTC] zzz позна комбинацията 6507. Опити: 6, време: 00:03:23
[13-06-2021 11:05:08 UTC] zzz позна комбинацията 7529. Опити: 9, време: 00:10:13
[13-06-2021 12:54:57 UTC] zzz позна комбинацията 8162. Опити: 9, време: 00:08:58
[13-06-2021 15:53:04 UTC] zzz позна комбинацията 7305. Опити: 12, време: 00:14:50
[13-06-2021 16:09:24 UTC] zzz позна комбинацията 5098. Опити: 6, време: 00:02:43
[13-06-2021 17:28:55 UTC] zzz позна комбинацията 2893. Опити: 7, време: 00:02:19
[14-06-2021 16:14:14 UTC] zzz позна комбинацията 9304. Опити: 8, време: 00:02:31
[14-06-2021 16:14:55 UTC] zzz позна комбинацията 0178. Опити: 3, време: 00:00:19
[14-06-2021 16:26:13 UTC] zzz позна комбинацията 6453. Опити: 7, време: 00:01:45
[15-06-2021 02:28:21 UTC] 1234 позна комбинацията 6549. Опити: 7, време: 00:02:18
[16-06-2021 13:58:51 UTC] zzz позна комбинацията 3405. Опити: 11, време: 00:06:47
[16-06-2021 14:01:55 UTC] zzz позна комбинацията 6597. Опити: 5, време: 00:00:39
[16-06-2021 14:21:07 UTC] zzz позна комбинацията 0432. Опити: 7, време: 00:03:28
[17-06-2021 12:24:26 UTC] zzsu позна комбинацията 7043. Опити: 10, време: 00:07:08
[17-06-2021 15:50:56 UTC] zzz позна комбинацията 1652. Опити: 11, време: 00:07:47
[18-06-2021 01:49:11 UTC] zzz позна комбинацията 0471. Опити: 9, време: 00:03:20
[18-06-2021 13:11:59 UTC] zzz позна комбинацията 1723. Опити: 5, време: 00:02:04
[18-06-2021 16:57:36 UTC] zzz позна комбинацията 7402. Опити: 7, време: 00:03:57
[20-06-2021 04:47:58 UTC] zzz позна комбинацията 3270. Опити: 10, време: 00:14:24
[20-06-2021 06:20:29 UTC] zzz позна комбинацията 1953. Опити: 4, време: 00:00:41
[20-06-2021 09:10:32 UTC] zzz позна комбинацията 2614. Опити: 7, време: 00:02:02
[20-06-2021 10:17:23 UTC] zzz позна комбинацията 7285. Опити: 7, време: 00:02:25
[22-06-2021 02:24:29 UTC] zzz позна комбинацията 4901. Опити: 7, време: 00:02:30
[22-06-2021 07:57:20 UTC] Nikoleta позна комбинацията 7934. Опити: 14, време: 00:07:00
[22-06-2021 08:02:16 UTC] spane позна комбинацията 0869. Опити: 42, време: 00:11:52
[22-06-2021 08:06:20 UTC] Nikoleta позна комбинацията 7059. Опити: 14, време: 00:07:35
[22-06-2021 08:13:58 UTC] spane позна комбинацията 9527. Опити: 25, време: 00:11:33
[22-06-2021 08:25:58 UTC] Nikoleta позна комбинацията 2593. Опити: 22, време: 00:16:00
[22-06-2021 08:32:16 UTC] zheiyzka позна комбинацията 1286. Опити: 10, време: 00:06:05
[28-06-2021 16:15:49 UTC] zelenkroki позна комбинацията 0138. Опити: 6, време: 00:01:36
[28-06-2021 16:31:03 UTC] zelenkroki позна комбинацията 1764. Опити: 8, време: 00:02:17
[28-06-2021 17:24:47 UTC] zelenkroki позна комбинацията 2751. Опити: 4, време: 00:00:45
[29-06-2021 08:06:11 UTC] 5036 позна комбинацията 3276. Опити: 8, време: 00:03:28
[29-06-2021 08:12:28 UTC] rayn позна комбинацията 0147. Опити: 9, време: 00:10:19
[29-06-2021 08:19:03 UTC] диди позна комбинацията 1769. Опити: 10, време: 00:17:37
[29-06-2021 08:30:46 UTC] rayn позна комбинацията 6804. Опити: 18, време: 00:16:18
[03-07-2021 04:26:04 UTC] zelenkroki позна комбинацията 7623. Опити: 10, време: 00:08:06
[03-07-2021 15:44:37 UTC] zelenkroki позна комбинацията 0631. Опити: 10, време: 00:04:35
[04-07-2021 03:12:33 UTC] zelenkroki позна комбинацията 0156. Опити: 7, време: 00:02:02
[04-07-2021 03:33:33 UTC] zelenkroki позна комбинацията 8941. Опити: 14, време: 00:18:23
[04-07-2021 03:46:21 UTC] zelenkroki позна комбинацията 5240. Опити: 7, време: 00:03:09
[04-07-2021 08:24:17 UTC] zelenkroki позна комбинацията 7298. Опити: 5, време: 00:01:32
[04-07-2021 12:10:55 UTC] zelenkroki позна комбинацията 7591. Опити: 11, време: 00:08:32
[04-07-2021 15:21:59 UTC] zelenkroki позна комбинацията 2601. Опити: 7, време: 00:01:31
[04-07-2021 15:41:41 UTC] zelenkroki позна комбинацията 2869. Опити: 6, време: 00:03:07
[09-07-2021 05:25:46 UTC] zelenkroki позна комбинацията 6895. Опити: 6, време: 00:01:19
[09-07-2021 05:40:44 UTC] zelenkroki позна комбинацията 5346. Опити: 9, време: 00:14:32
[09-07-2021 19:33:40 UTC] zelenkroki позна комбинацията 3891. Опити: 6, време: 00:00:53
[09-07-2021 19:42:43 UTC] zelenkroki позна комбинацията 3765. Опити: 7, време: 00:02:00
[09-07-2021 19:55:06 UTC] zelenkroki позна комбинацията 3150. Опити: 7, време: 00:02:51
[10-07-2021 04:27:04 UTC] zzz позна комбинацията 6072. Опити: 3, време: 00:00:45
[11-07-2021 07:56:57 UTC] zelenkroki позна комбинацията 3478. Опити: 3, време: 00:00:22
[12-07-2021 20:27:54 UTC] zelenkroki позна комбинацията 4567. Опити: 6, време: 00:01:22
[13-07-2021 02:54:21 UTC] zelenkroki позна комбинацията 1486. Опити: 6, време: 00:01:57
[13-07-2021 03:39:55 UTC] zelenkroki позна комбинацията 5984. Опити: 4, време: 00:00:40
[13-07-2021 16:12:45 UTC] bogi позна комбинацията 9475. Опити: 5, време: 00:01:40
[14-07-2021 13:19:27 UTC] zelenkroki позна комбинацията 7463. Опити: 10, време: 00:07:13
[14-07-2021 17:00:34 UTC] zelenkroki позна комбинацията 0315. Опити: 9, време: 00:05:34
[14-07-2021 17:16:24 UTC] zelenkroki позна комбинацията 8459. Опити: 6, време: 00:02:19
[14-07-2021 17:30:44 UTC] zelenkroki позна комбинацията 4821. Опити: 6, време: 00:02:22
[15-07-2021 10:47:42 UTC] zelenkroki позна комбинацията 3145. Опити: 6, време: 00:02:43
[15-07-2021 13:44:58 UTC] zelenkroki позна комбинацията 5169. Опити: 6, време: 00:02:45
[15-07-2021 15:46:56 UTC] zelenkroki позна комбинацията 5967. Опити: 7, време: 00:03:08
[15-07-2021 17:09:56 UTC] zelenkroki позна комбинацията 9246. Опити: 9, време: 00:05:21
[15-07-2021 17:41:20 UTC] zelenkroki позна комбинацията 4860. Опити: 10, време: 00:12:11
[16-07-2021 04:13:20 UTC] zelenkroki позна комбинацията 3146. Опити: 5, време: 00:00:42
[16-07-2021 08:25:24 UTC] bogi позна комбинацията 7459. Опити: 8, време: 00:06:56
[16-07-2021 08:32:11 UTC] bogi позна комбинацията 2935. Опити: 10, време: 00:06:17
[16-07-2021 08:36:34 UTC] bogi позна комбинацията 5986. Опити: 6, време: 00:03:40
[16-07-2021 08:44:00 UTC] bogi позна комбинацията 4625. Опити: 9, време: 00:06:34
[16-07-2021 08:52:55 UTC] bogi позна комбинацията 5830. Опити: 5, време: 00:02:42
[16-07-2021 13:46:08 UTC] bogi позна комбинацията 7869. Опити: 7, време: 00:03:16
[16-07-2021 14:53:34 UTC] bogi позна комбинацията 3519. Опити: 6, време: 00:04:59
[16-07-2021 18:38:30 UTC] zelenkroki позна комбинацията 1253. Опити: 5, време: 00:02:35
[17-07-2021 19:54:36 UTC] zzz позна комбинацията 6231. Опити: 4, време: 00:01:10
[17-07-2021 19:59:52 UTC] zzz позна комбинацията 5748. Опити: 8, време: 00:03:22
[17-07-2021 20:03:18 UTC] zzz позна комбинацията 4852. Опити: 5, време: 00:02:03
[18-07-2021 19:11:10 UTC] zzz позна комбинацията 6248. Опити: 7, време: 00:06:42
